Using pre-set license
Built from '2022.3/staging' branch; Version is '2022.3.16f1 (d2c21f0ef2f1) revision 13812255'; Using compiler version '192829333'; Build Type 'Release'
OS: 'Windows 11  (10.0.22621) 64bit CoreSingleLanguage' Language: 'en' Physical Memory: 16226 MB
BatchMode: 1, IsHumanControllingUs: 0, StartBugReporterOnCrash: 0, Is64bit: 1, IsPro: 1

COMMAND LINE ARGUMENTS:
C:\Program Files\Unity\Hub\Editor\2022.3.16f1\Editor\Unity.exe
-adb2
-batchMode
-noUpm
-name
AssetImportWorker3
-projectPath
D:/KULIAH/game dev/Sakha the Savior/ReVive
-logFile
Logs/AssetImportWorker3.log
-srvPort
62317
Successfully changed project path to: D:/KULIAH/game dev/Sakha the Savior/ReVive
D:/KULIAH/game dev/Sakha the Savior/ReVive
[UnityMemory] Configuration Parameters - Can be set up in boot.config
    "memorysetup-bucket-allocator-granularity=16"
    "memorysetup-bucket-allocator-bucket-count=8"
    "memorysetup-bucket-allocator-block-size=33554432"
    "memorysetup-bucket-allocator-block-count=8"
    "memorysetup-main-allocator-block-size=16777216"
    "memorysetup-thread-allocator-block-size=16777216"
    "memorysetup-gfx-main-allocator-block-size=16777216"
    "memorysetup-gfx-thread-allocator-block-size=16777216"
    "memorysetup-cache-allocator-block-size=4194304"
    "memorysetup-typetree-allocator-block-size=2097152"
    "memorysetup-profiler-bucket-allocator-granularity=16"
    "memorysetup-profiler-bucket-allocator-bucket-count=8"
    "memorysetup-profiler-bucket-allocator-block-size=33554432"
    "memorysetup-profiler-bucket-allocator-block-count=8"
    "memorysetup-profiler-allocator-block-size=16777216"
    "memorysetup-profiler-editor-allocator-block-size=1048576"
    "memorysetup-temp-allocator-size-main=16777216"
    "memorysetup-job-temp-allocator-block-size=2097152"
    "memorysetup-job-temp-allocator-block-size-background=1048576"
    "memorysetup-job-temp-allocator-reduction-small-platforms=262144"
    "memorysetup-allocator-temp-initial-block-size-main=262144"
    "memorysetup-allocator-temp-initial-block-size-worker=262144"
    "memorysetup-temp-allocator-size-background-worker=32768"
    "memorysetup-temp-allocator-size-job-worker=262144"
    "memorysetup-temp-allocator-size-preload-manager=33554432"
    "memorysetup-temp-allocator-size-nav-mesh-worker=65536"
    "memorysetup-temp-allocator-size-audio-worker=65536"
    "memorysetup-temp-allocator-size-cloud-worker=32768"
    "memorysetup-temp-allocator-size-gi-baking-worker=262144"
    "memorysetup-temp-allocator-size-gfx=262144"
Player connection [5048] Host "[IP] 192.168.8.102 [Port] 0 [Flags] 2 [Guid] 726404202 [EditorId] 726404202 [Version] 1048832 [Id] WindowsEditor(7,DESKTOP-2UP8BVL) [Debug] 1 [PackageName] WindowsEditor [ProjectName] Editor" joined multi-casting on [225.0.0.222:54997]...

Player connection [5048] Host "[IP] 192.168.8.102 [Port] 0 [Flags] 2 [Guid] 726404202 [EditorId] 726404202 [Version] 1048832 [Id] WindowsEditor(7,DESKTOP-2UP8BVL) [Debug] 1 [PackageName] WindowsEditor [ProjectName] Editor" joined alternative multi-casting on [225.0.0.222:34997]...

[Physics::Module] Initialized MultithreadedJobDispatcher with 7 workers.
Refreshing native plugins compatible for Editor in 330.14 ms, found 3 plugins.
Preloading 0 native plugins for Editor in 0.00 ms.
Initialize engine version: 2022.3.16f1 (d2c21f0ef2f1)
[Subsystems] Discovering subsystems at path C:/Program Files/Unity/Hub/Editor/2022.3.16f1/Editor/Data/Resources/UnitySubsystems
[Subsystems] Discovering subsystems at path D:/KULIAH/game dev/Sakha the Savior/ReVive/Assets
GfxDevice: creating device client; threaded=0; jobified=0
Direct3D:
    Version:  Direct3D 11.0 [level 11.1]
    Renderer: NVIDIA GeForce GTX 1650 (ID=0x1f91)
    Vendor:   NVIDIA
    VRAM:     3950 MB
    Driver:   31.0.15.4633
Initialize mono
Mono path[0] = 'C:/Program Files/Unity/Hub/Editor/2022.3.16f1/Editor/Data/Managed'
Mono path[1] = 'C:/Program Files/Unity/Hub/Editor/2022.3.16f1/Editor/Data/MonoBleedingEdge/lib/mono/unityjit-win32'
Mono config path = 'C:/Program Files/Unity/Hub/Editor/2022.3.16f1/Editor/Data/MonoBleedingEdge/etc'
Using monoOptions --debugger-agent=transport=dt_socket,embedding=1,server=y,suspend=n,address=127.0.0.1:56772
Begin MonoManager ReloadAssembly
Registering precompiled unity dll's ...
Register platform support module: C:/Program Files/Unity/Hub/Editor/2022.3.16f1/Editor/Data/PlaybackEngines/WebGLSupport/UnityEditor.WebGL.Extensions.dll
Register platform support module: C:/Program Files/Unity/Hub/Editor/2022.3.16f1/Editor/Data/PlaybackEngines/WindowsStandaloneSupport/UnityEditor.WindowsStandalone.Extensions.dll
Registered in 0.018513 seconds.
- Loaded All Assemblies, in  0.829 seconds
Native extension for WindowsStandalone target not found
Native extension for WebGL target not found
Mono: successfully reloaded assembly
- Finished resetting the current domain, in  0.621 seconds
Domain Reload Profiling: 1448ms
	BeginReloadAssembly (266ms)
		ExecutionOrderSort (0ms)
		DisableScriptedObjects (0ms)
		BackupInstance (0ms)
		ReleaseScriptingObjects (0ms)
		CreateAndSetChildDomain (1ms)
	RebuildCommonClasses (69ms)
	RebuildNativeTypeToScriptingClass (21ms)
	initialDomainReloadingComplete (117ms)
	LoadAllAssembliesAndSetupDomain (352ms)
		LoadAssemblies (264ms)
		RebuildTransferFunctionScriptingTraits (0ms)
		AnalyzeDomain (348ms)
			TypeCache.Refresh (346ms)
				TypeCache.ScanAssembly (319ms)
			ScanForSourceGeneratedMonoScriptInfo (1ms)
			ResolveRequiredComponents (1ms)
	FinalizeReload (622ms)
		ReleaseScriptCaches (0ms)
		RebuildScriptCaches (0ms)
		SetupLoadedEditorAssemblies (501ms)
			LogAssemblyErrors (0ms)
			InitializePlatformSupportModulesInManaged (17ms)
			SetLoadedEditorAssemblies (10ms)
			RefreshPlugins (0ms)
			BeforeProcessingInitializeOnLoad (6ms)
			ProcessInitializeOnLoadAttributes (351ms)
			ProcessInitializeOnLoadMethodAttributes (117ms)
			AfterProcessingInitializeOnLoad (0ms)
			EditorAssembliesLoaded (0ms)
		ExecutionOrderSort2 (0ms)
		AwakeInstancesAfterBackupRestoration (0ms)
========================================================================
Worker process is ready to serve import requests
Begin MonoManager ReloadAssembly
- Loaded All Assemblies, in  3.127 seconds
Refreshing native plugins compatible for Editor in 4.46 ms, found 3 plugins.
Native extension for WindowsStandalone target not found
Native extension for WebGL target not found
Package Manager log level set to [2]
[Package Manager] Server::EnsureServerProcessIsRunning -- launch failed, reason: Unity was launched with the -noUpm command-line argument
[Package Manager] UpmClient::Send -- Unable to send message (not connected to UPM process).
[Package Manager] Cannot connect to Unity Package Manager local server
Mono: successfully reloaded assembly
- Finished resetting the current domain, in  1.566 seconds
Domain Reload Profiling: 4689ms
	BeginReloadAssembly (387ms)
		ExecutionOrderSort (0ms)
		DisableScriptedObjects (11ms)
		BackupInstance (0ms)
		ReleaseScriptingObjects (0ms)
		CreateAndSetChildDomain (40ms)
	RebuildCommonClasses (66ms)
	RebuildNativeTypeToScriptingClass (21ms)
	initialDomainReloadingComplete (127ms)
	LoadAllAssembliesAndSetupDomain (2521ms)
		LoadAssemblies (2343ms)
		RebuildTransferFunctionScriptingTraits (0ms)
		AnalyzeDomain (435ms)
			TypeCache.Refresh (384ms)
				TypeCache.ScanAssembly (348ms)
			ScanForSourceGeneratedMonoScriptInfo (36ms)
			ResolveRequiredComponents (12ms)
	FinalizeReload (1567ms)
		ReleaseScriptCaches (0ms)
		RebuildScriptCaches (0ms)
		SetupLoadedEditorAssemblies (1215ms)
			LogAssemblyErrors (0ms)
			InitializePlatformSupportModulesInManaged (20ms)
			SetLoadedEditorAssemblies (10ms)
			RefreshPlugins (0ms)
			BeforeProcessingInitializeOnLoad (133ms)
			ProcessInitializeOnLoadAttributes (995ms)
			ProcessInitializeOnLoadMethodAttributes (45ms)
			AfterProcessingInitializeOnLoad (12ms)
			EditorAssembliesLoaded (0ms)
		ExecutionOrderSort2 (0ms)
		AwakeInstancesAfterBackupRestoration (18ms)
Launched and connected shader compiler UnityShaderCompiler.exe after 0.11 seconds
Refreshing native plugins compatible for Editor in 4.71 ms, found 3 plugins.
Preloading 0 native plugins for Editor in 0.00 ms.
Unloading 3196 Unused Serialized files (Serialized files now loaded: 0)
Unloading 32 unused Assets / (57.3 KB). Loaded Objects now: 3658.
Memory consumption went from 129.1 MB to 129.1 MB.
Total: 9.396300 ms (FindLiveObjects: 0.423400 ms CreateObjectMapping: 0.334800 ms MarkObjects: 8.397400 ms  DeleteObjects: 0.238600 ms)

AssetImportParameters requested are different than current active one (requested -> active):
  custom:container-demuxer-ogg: 62fdf1f143b41e24485cea50d1cbac27 -> 
  custom:video-codec-MediaFoundation-h265: 746d11721c4dcdbdad8f713fa42b33f4 -> 
  custom:video-decoder-ogg-theora: a1e56fd34408186e4bbccfd4996cb3dc -> 
  custom:framework-win-MediaFoundation: 216162199b28c13a410421893ffa2e32 -> 
  custom:CustomObjectIndexerAttribute: 43b350a4d6e6d1791af0b5038c4bea17 -> 
  custom:container-demuxer-webm: 4f35f7cbe854078d1ac9338744f61a02 -> 
  custom:container-muxer-webm: aa71ff27fc2769a1b78a27578f13a17b -> 
  custom:video-decoder-webm-vp8: 9c59270c3fd7afecdb556c50c9e8de78 -> 
  custom:SearchIndexIgnoredProperties: e643bd26f0fe6173181afceb89e7c659 -> 
  custom:AudioImporter_EditorPlatform: d09bf68614088b80899f8185d706f6e7 -> 
  custom:video-encoder-webm-vp8: eb34c28f22e8b96e1ab97ce403110664 -> 
  custom:audio-decoder-ogg-vorbis: bf7c407c2cedff20999df2af8eb42d56 -> 
  custom:audio-encoder-webm-vorbis: bf7c407c2cedff20999df2af8eb42d56 -> 
========================================================================
Received Import Request.
  Time since last request: 1820140.405694 seconds.
  path: Assets/GameObjects/Daun.prefab
  artifactKey: Guid(0956dfac7919ddf439dd50cfb6a01d30) Importer(815301076,1909f56bfc062723c751e8b465ee728b)
Start importing Assets/GameObjects/Daun.prefab using Guid(0956dfac7919ddf439dd50cfb6a01d30) Importer(815301076,1909f56bfc062723c751e8b465ee728b)  -> (artifact id: '0be285f5b3cede9f8c4f77b23c54d17b') in 0.378857 seconds
Number of updated asset objects reloaded before import = 0
Number of asset objects unloaded after import = 10
========================================================================
Received Import Request.
  Time since last request: 0.000035 seconds.
  path: Assets/GameObjects/Pager.prefab
  artifactKey: Guid(0bd7302616020c449a2fc31aa7af7d51) Importer(815301076,1909f56bfc062723c751e8b465ee728b)
Start importing Assets/GameObjects/Pager.prefab using Guid(0bd7302616020c449a2fc31aa7af7d51) Importer(815301076,1909f56bfc062723c751e8b465ee728b)  -> (artifact id: '8d6ebdfb49498e3788f2bfbec9a9829a') in 0.939496 seconds
Number of updated asset objects reloaded before import = 0
Number of asset objects unloaded after import = 1804
========================================================================
Received Import Request.
  Time since last request: 0.000053 seconds.
  path: Assets/GameObjects/monster_sampah.fbx
  artifactKey: Guid(c81fdafe4e307a04e86b8d773e3cc4bb) Importer(815301076,1909f56bfc062723c751e8b465ee728b)
Start importing Assets/GameObjects/monster_sampah.fbx using Guid(c81fdafe4e307a04e86b8d773e3cc4bb) Importer(815301076,1909f56bfc062723c751e8b465ee728b)  -> (artifact id: '6124746487921197a8da3f9d926d6447') in 1.036604 seconds
Number of updated asset objects reloaded before import = 0
Number of asset objects unloaded after import = 93
========================================================================
Received Import Request.
  Time since last request: 0.000036 seconds.
  path: Assets/GameObjects/Level 3/plastik_tipe1.fbx
  artifactKey: Guid(1d85d3a09c97ea74fa50771a9018d8cc) Importer(815301076,1909f56bfc062723c751e8b465ee728b)
Start importing Assets/GameObjects/Level 3/plastik_tipe1.fbx using Guid(1d85d3a09c97ea74fa50771a9018d8cc) Importer(815301076,1909f56bfc062723c751e8b465ee728b)  -> (artifact id: '5d36f0017e08648f30cba0f1b69598ba') in 0.854545 seconds
Number of updated asset objects reloaded before import = 0
Number of asset objects unloaded after import = 148
========================================================================
Received Import Request.
  Time since last request: 0.000052 seconds.
  path: Assets/GameObjects/Walking.fbx
  artifactKey: Guid(857c6e69ca8673b48bd5eb0a87d94b14) Importer(815301076,1909f56bfc062723c751e8b465ee728b)
Start importing Assets/GameObjects/Walking.fbx using Guid(857c6e69ca8673b48bd5eb0a87d94b14) Importer(815301076,1909f56bfc062723c751e8b465ee728b)  -> (artifact id: '4e44929ffc7882297c242ed692b2d9ed') in 0.763477 seconds
Number of updated asset objects reloaded before import = 0
Number of asset objects unloaded after import = 138
========================================================================
Received Import Request.
  Time since last request: 0.000046 seconds.
  path: Assets/GameObjects/Level 3/kertas_tipe2.fbx
  artifactKey: Guid(6cac22b3546d73a41a1fd3c131c37d53) Importer(815301076,1909f56bfc062723c751e8b465ee728b)
Start importing Assets/GameObjects/Level 3/kertas_tipe2.fbx using Guid(6cac22b3546d73a41a1fd3c131c37d53) Importer(815301076,1909f56bfc062723c751e8b465ee728b)  -> (artifact id: '7809d0d392ae2c0def6a3d1650c46ff8') in 0.604418 seconds
Number of updated asset objects reloaded before import = 0
Number of asset objects unloaded after import = 120
========================================================================
Received Import Request.
  Time since last request: 0.000051 seconds.
  path: Assets/GameObjects/Kertas.prefab
  artifactKey: Guid(626c93b8e815ec34eaec3926834791a4) Importer(815301076,1909f56bfc062723c751e8b465ee728b)
Start importing Assets/GameObjects/Kertas.prefab using Guid(626c93b8e815ec34eaec3926834791a4) Importer(815301076,1909f56bfc062723c751e8b465ee728b)  -> (artifact id: 'bae05809fbd59c595683fe1447ee2e6b') in 0.042224 seconds
Number of updated asset objects reloaded before import = 0
Number of asset objects unloaded after import = 10
========================================================================
Received Import Request.
  Time since last request: 0.000028 seconds.
  path: Assets/GameObjects/stand lv 3_fix.fbx
  artifactKey: Guid(f4ba8ef5be249124d9d50bb81db963b8) Importer(815301076,1909f56bfc062723c751e8b465ee728b)
Start importing Assets/GameObjects/stand lv 3_fix.fbx using Guid(f4ba8ef5be249124d9d50bb81db963b8) Importer(815301076,1909f56bfc062723c751e8b465ee728b)  -> (artifact id: '8215d1a2991a89da05f886aef74dbc96') in 3.268165 seconds
Number of updated asset objects reloaded before import = 0
Number of asset objects unloaded after import = 515
========================================================================
Received Import Request.
  Time since last request: 0.000033 seconds.
  path: Assets/GameObjects/Level 3/Stand Plastik.prefab
  artifactKey: Guid(e414f60d92c9a3c48947adb479773d32) Importer(815301076,1909f56bfc062723c751e8b465ee728b)
Start importing Assets/GameObjects/Level 3/Stand Plastik.prefab using Guid(e414f60d92c9a3c48947adb479773d32) Importer(815301076,1909f56bfc062723c751e8b465ee728b)  -> (artifact id: '5eeeebd4f899531d97690ef0f26d2d6f') in 0.086747 seconds
Number of updated asset objects reloaded before import = 0
Number of asset objects unloaded after import = 596
========================================================================
Received Import Request.
  Time since last request: 0.000054 seconds.
  path: Assets/GameObjects/lampu.fbx
  artifactKey: Guid(debddabcabf582c459bbb1a7451030e3) Importer(815301076,1909f56bfc062723c751e8b465ee728b)
Start importing Assets/GameObjects/lampu.fbx using Guid(debddabcabf582c459bbb1a7451030e3) Importer(815301076,1909f56bfc062723c751e8b465ee728b)  -> (artifact id: '588944202cc273424375d7348ddfa9ce') in 0.112121 seconds
Number of updated asset objects reloaded before import = 0
Number of asset objects unloaded after import = 22
========================================================================
Received Import Request.
  Time since last request: 0.000094 seconds.
  path: Assets/GameObjects/Level 3/StandDaun.prefab
  artifactKey: Guid(dee7dd584eabb1c4d99d512bbeb552c6) Importer(815301076,1909f56bfc062723c751e8b465ee728b)
Start importing Assets/GameObjects/Level 3/StandDaun.prefab using Guid(dee7dd584eabb1c4d99d512bbeb552c6) Importer(815301076,1909f56bfc062723c751e8b465ee728b)  -> (artifact id: 'eb608757007243eae037bdcf1268d0bd') in 0.062843 seconds
Number of updated asset objects reloaded before import = 0
Number of asset objects unloaded after import = 623
========================================================================
Received Import Request.
  Time since last request: 0.000044 seconds.
  path: Assets/GameObjects/stage_3_kertas.fbx
  artifactKey: Guid(912377fe3697bee4c910004e29e71885) Importer(815301076,1909f56bfc062723c751e8b465ee728b)
Start importing Assets/GameObjects/stage_3_kertas.fbx using Guid(912377fe3697bee4c910004e29e71885) Importer(815301076,1909f56bfc062723c751e8b465ee728b)  -> (artifact id: 'f092b9d2277f160097a871a2b76c3580') in 0.263601 seconds
Number of updated asset objects reloaded before import = 0
Number of asset objects unloaded after import = 54
========================================================================
Received Import Request.
  Time since last request: 0.000032 seconds.
  path: Assets/GameObjects/hidingPlayer1.prefab
  artifactKey: Guid(0125dd463c27ef6438b5fd01bd6dd1f1) Importer(815301076,1909f56bfc062723c751e8b465ee728b)
Start importing Assets/GameObjects/hidingPlayer1.prefab using Guid(0125dd463c27ef6438b5fd01bd6dd1f1) Importer(815301076,1909f56bfc062723c751e8b465ee728b)  -> (artifact id: 'ff93fe1aff2fa72e734f05d09ffc567f') in 0.031241 seconds
Number of updated asset objects reloaded before import = 0
Number of asset objects unloaded after import = 12
========================================================================
Received Import Request.
  Time since last request: 0.002231 seconds.
  path: Assets/GameObjects/stage_1_rumah_fix.fbx
  artifactKey: Guid(95ac7768424a4814b9879bbb20f7b4c8) Importer(815301076,1909f56bfc062723c751e8b465ee728b)
Start importing Assets/GameObjects/stage_1_rumah_fix.fbx using Guid(95ac7768424a4814b9879bbb20f7b4c8) Importer(815301076,1909f56bfc062723c751e8b465ee728b)  -> (artifact id: '6248aea9a9532d7535ef401b2a396f78') in 3.202376 seconds
Number of updated asset objects reloaded before import = 0
Number of asset objects unloaded after import = 725
========================================================================
Received Import Request.
  Time since last request: 0.000034 seconds.
  path: Assets/GameObjects/hiding_place.fbx
  artifactKey: Guid(bfcfcb673dda4be4bbc8119c317e92d4) Importer(815301076,1909f56bfc062723c751e8b465ee728b)
Start importing Assets/GameObjects/hiding_place.fbx using Guid(bfcfcb673dda4be4bbc8119c317e92d4) Importer(815301076,1909f56bfc062723c751e8b465ee728b)  -> (artifact id: '4542047fe32cb1efff9814a56fa0a25a') in 0.094205 seconds
Number of updated asset objects reloaded before import = 0
Number of asset objects unloaded after import = 16
========================================================================
Received Import Request.
  Time since last request: 0.000033 seconds.
  path: Assets/GameObjects/monster_sampah_fix.fbx
  artifactKey: Guid(00e9378036d0d5d4f9178f1f5e562020) Importer(815301076,1909f56bfc062723c751e8b465ee728b)
Start importing Assets/GameObjects/monster_sampah_fix.fbx using Guid(00e9378036d0d5d4f9178f1f5e562020) Importer(815301076,1909f56bfc062723c751e8b465ee728b)  -> (artifact id: 'acc7e46bbc7440456d77acfa3706a230') in 0.635397 seconds
Number of updated asset objects reloaded before import = 0
Number of asset objects unloaded after import = 94
========================================================================
Received Import Request.
  Time since last request: 0.000046 seconds.
  path: Assets/GameObjects/Level 3/bawah meja.prefab
  artifactKey: Guid(62d020502c2b2984581023a20c6b9b5c) Importer(815301076,1909f56bfc062723c751e8b465ee728b)
Start importing Assets/GameObjects/Level 3/bawah meja.prefab using Guid(62d020502c2b2984581023a20c6b9b5c) Importer(815301076,1909f56bfc062723c751e8b465ee728b)  -> (artifact id: 'b901e4b6cdb19d10db6c6d5355f71f4d') in 0.052645 seconds
Number of updated asset objects reloaded before import = 0
Number of asset objects unloaded after import = 8
========================================================================
Received Import Request.
  Time since last request: 0.000040 seconds.
  path: Assets/GameObjects/tangan mc.fbx
  artifactKey: Guid(71125f7368a0d014599e0b24c88024d5) Importer(815301076,1909f56bfc062723c751e8b465ee728b)
Start importing Assets/GameObjects/tangan mc.fbx using Guid(71125f7368a0d014599e0b24c88024d5) Importer(815301076,1909f56bfc062723c751e8b465ee728b)  -> (artifact id: '1feea31f015f4ba4c679bc86efb7103f') in 0.078956 seconds
Number of updated asset objects reloaded before import = 0
Number of asset objects unloaded after import = 15
========================================================================
Received Import Request.
  Time since last request: 0.000022 seconds.
  path: Assets/GameObjects/Level 2
  artifactKey: Guid(0ea971c6ce154634ca115e65905cb4f8) Importer(815301076,1909f56bfc062723c751e8b465ee728b)
Start importing Assets/GameObjects/Level 2 using Guid(0ea971c6ce154634ca115e65905cb4f8) Importer(815301076,1909f56bfc062723c751e8b465ee728b)  -> (artifact id: 'eaaee98407c28ab2288124c6c3ef8fb2') in 0.000748 seconds
Number of updated asset objects reloaded before import = 0
Number of asset objects unloaded after import = 0
========================================================================
Received Import Request.
  Time since last request: 0.000103 seconds.
  path: Assets/GameObjects/Level 2/kertas_fix.prefab
  artifactKey: Guid(39906a61bc8734f419d958009eefcfc8) Importer(815301076,1909f56bfc062723c751e8b465ee728b)
Start importing Assets/GameObjects/Level 2/kertas_fix.prefab using Guid(39906a61bc8734f419d958009eefcfc8) Importer(815301076,1909f56bfc062723c751e8b465ee728b)  -> (artifact id: 'b3c2ab443750f708aebb75735e91e7ee') in 0.061258 seconds
Number of updated asset objects reloaded before import = 0
Number of asset objects unloaded after import = 18
========================================================================
Received Import Request.
  Time since last request: 0.000025 seconds.
  path: Assets/GameObjects/garasi.fbx
  artifactKey: Guid(f3a4d4dad540c6241b470c8194388f79) Importer(815301076,1909f56bfc062723c751e8b465ee728b)
Start importing Assets/GameObjects/garasi.fbx using Guid(f3a4d4dad540c6241b470c8194388f79) Importer(815301076,1909f56bfc062723c751e8b465ee728b)  -> (artifact id: '632c967ec495f429255a5fd13249a3ef') in 0.113831 seconds
Number of updated asset objects reloaded before import = 0
Number of asset objects unloaded after import = 22
========================================================================
Received Import Request.
  Time since last request: 0.000146 seconds.
  path: Assets/GameObjects/Level 2/daun_fix 1.prefab
  artifactKey: Guid(e20c38d92bd6b8347b31a74292b51221) Importer(815301076,1909f56bfc062723c751e8b465ee728b)
Start importing Assets/GameObjects/Level 2/daun_fix 1.prefab using Guid(e20c38d92bd6b8347b31a74292b51221) Importer(815301076,1909f56bfc062723c751e8b465ee728b)  -> (artifact id: 'f2c58a37d15d3673a277f157f51df1f6') in 0.149660 seconds
Number of updated asset objects reloaded before import = 0
Number of asset objects unloaded after import = 72
========================================================================
Received Import Request.
  Time since last request: 0.000072 seconds.
  path: Assets/GameObjects/Plastik.prefab
  artifactKey: Guid(f1923d60afe81414fbefec6e086adbc8) Importer(815301076,1909f56bfc062723c751e8b465ee728b)
Start importing Assets/GameObjects/Plastik.prefab using Guid(f1923d60afe81414fbefec6e086adbc8) Importer(815301076,1909f56bfc062723c751e8b465ee728b)  -> (artifact id: '1bed9ef9cb2f10910ef0a84a8fcc07c2') in 0.067923 seconds
Number of updated asset objects reloaded before import = 0
Number of asset objects unloaded after import = 11
========================================================================
Received Import Request.
  Time since last request: 0.003689 seconds.
  path: Assets/GameObjects/stage_1_rumah.fbx
  artifactKey: Guid(23ca3a2cea05164489af2d80168700b9) Importer(815301076,1909f56bfc062723c751e8b465ee728b)
Start importing Assets/GameObjects/stage_1_rumah.fbx using Guid(23ca3a2cea05164489af2d80168700b9) Importer(815301076,1909f56bfc062723c751e8b465ee728b)  -> (artifact id: 'a5a59fafd3b5f25ea27fb52eb2dc6a8c') in 3.241534 seconds
Number of updated asset objects reloaded before import = 0
Number of asset objects unloaded after import = 849
========================================================================
Received Import Request.
  Time since last request: 0.000033 seconds.
  path: Assets/GameObjects/Level 3/kertas_tipe1.fbx
  artifactKey: Guid(77bc2222ca21baf43a17614805d7e4b6) Importer(815301076,1909f56bfc062723c751e8b465ee728b)
Start importing Assets/GameObjects/Level 3/kertas_tipe1.fbx using Guid(77bc2222ca21baf43a17614805d7e4b6) Importer(815301076,1909f56bfc062723c751e8b465ee728b)  -> (artifact id: '3c5649be11fd56c4bc922258ac111546') in 0.386255 seconds
Number of updated asset objects reloaded before import = 0
Number of asset objects unloaded after import = 59
========================================================================
Received Import Request.
  Time since last request: 0.000033 seconds.
  path: Assets/GameObjects/Level 3/stage_2 (1)_fix.prefab
  artifactKey: Guid(149ab6bf68403f94e816fc3cea9ca463) Importer(815301076,1909f56bfc062723c751e8b465ee728b)
Start importing Assets/GameObjects/Level 3/stage_2 (1)_fix.prefab using Guid(149ab6bf68403f94e816fc3cea9ca463) Importer(815301076,1909f56bfc062723c751e8b465ee728b)  -> (artifact id: '8055dca5196fe6174b053652c5a5b149') in 0.443659 seconds
Number of updated asset objects reloaded before import = 0
Number of asset objects unloaded after import = 7456
========================================================================
Received Import Request.
  Time since last request: 0.000058 seconds.
  path: Assets/GameObjects/STAGE_1_FIKS_.fbx
  artifactKey: Guid(657cf206b5b1f7d47aff56cf151e2155) Importer(815301076,1909f56bfc062723c751e8b465ee728b)
Start importing Assets/GameObjects/STAGE_1_FIKS_.fbx using Guid(657cf206b5b1f7d47aff56cf151e2155) Importer(815301076,1909f56bfc062723c751e8b465ee728b)  -> (artifact id: '86d637de5240117f504b26a383b509c7') in 5.286868 seconds
Number of updated asset objects reloaded before import = 0
Number of asset objects unloaded after import = 1063
========================================================================
Received Import Request.
  Time since last request: 0.000048 seconds.
  path: Assets/GameObjects/Level 3/awan.fbx
  artifactKey: Guid(09b4b72bc670e5b4d95def8cbe4cbf2e) Importer(815301076,1909f56bfc062723c751e8b465ee728b)
Start importing Assets/GameObjects/Level 3/awan.fbx using Guid(09b4b72bc670e5b4d95def8cbe4cbf2e) Importer(815301076,1909f56bfc062723c751e8b465ee728b)  -> (artifact id: 'e36ba5e79d2071b01650f0cc3dd3d25a') in 0.143502 seconds
Number of updated asset objects reloaded before import = 0
Number of asset objects unloaded after import = 20
