Using pre-set license
Built from '2022.3/staging' branch; Version is '2022.3.16f1 (d2c21f0ef2f1) revision 13812255'; Using compiler version '192829333'; Build Type 'Release'
OS: 'Windows 11  (10.0.22621) 64bit CoreSingleLanguage' Language: 'en' Physical Memory: 16226 MB
BatchMode: 1, IsHumanControllingUs: 0, StartBugReporterOnCrash: 0, Is64bit: 1, IsPro: 1

COMMAND LINE ARGUMENTS:
C:\Program Files\Unity\Hub\Editor\2022.3.16f1\Editor\Unity.exe
-adb2
-batchMode
-noUpm
-name
AssetImportWorker2
-projectPath
D:/KULIAH/game dev/Sakha the Savior/ReVive
-logFile
Logs/AssetImportWorker2.log
-srvPort
62317
Successfully changed project path to: D:/KULIAH/game dev/Sakha the Savior/ReVive
D:/KULIAH/game dev/Sakha the Savior/ReVive
[UnityMemory] Configuration Parameters - Can be set up in boot.config
    "memorysetup-bucket-allocator-granularity=16"
    "memorysetup-bucket-allocator-bucket-count=8"
    "memorysetup-bucket-allocator-block-size=33554432"
    "memorysetup-bucket-allocator-block-count=8"
    "memorysetup-main-allocator-block-size=16777216"
    "memorysetup-thread-allocator-block-size=16777216"
    "memorysetup-gfx-main-allocator-block-size=16777216"
    "memorysetup-gfx-thread-allocator-block-size=16777216"
    "memorysetup-cache-allocator-block-size=4194304"
    "memorysetup-typetree-allocator-block-size=2097152"
    "memorysetup-profiler-bucket-allocator-granularity=16"
    "memorysetup-profiler-bucket-allocator-bucket-count=8"
    "memorysetup-profiler-bucket-allocator-block-size=33554432"
    "memorysetup-profiler-bucket-allocator-block-count=8"
    "memorysetup-profiler-allocator-block-size=16777216"
    "memorysetup-profiler-editor-allocator-block-size=1048576"
    "memorysetup-temp-allocator-size-main=16777216"
    "memorysetup-job-temp-allocator-block-size=2097152"
    "memorysetup-job-temp-allocator-block-size-background=1048576"
    "memorysetup-job-temp-allocator-reduction-small-platforms=262144"
    "memorysetup-allocator-temp-initial-block-size-main=262144"
    "memorysetup-allocator-temp-initial-block-size-worker=262144"
    "memorysetup-temp-allocator-size-background-worker=32768"
    "memorysetup-temp-allocator-size-job-worker=262144"
    "memorysetup-temp-allocator-size-preload-manager=33554432"
    "memorysetup-temp-allocator-size-nav-mesh-worker=65536"
    "memorysetup-temp-allocator-size-audio-worker=65536"
    "memorysetup-temp-allocator-size-cloud-worker=32768"
    "memorysetup-temp-allocator-size-gi-baking-worker=262144"
    "memorysetup-temp-allocator-size-gfx=262144"
Player connection [2296] Host "[IP] 192.168.8.102 [Port] 0 [Flags] 2 [Guid] 163966527 [EditorId] 163966527 [Version] 1048832 [Id] WindowsEditor(7,DESKTOP-2UP8BVL) [Debug] 1 [PackageName] WindowsEditor [ProjectName] Editor" joined multi-casting on [225.0.0.222:54997]...

Player connection [2296] Host "[IP] 192.168.8.102 [Port] 0 [Flags] 2 [Guid] 163966527 [EditorId] 163966527 [Version] 1048832 [Id] WindowsEditor(7,DESKTOP-2UP8BVL) [Debug] 1 [PackageName] WindowsEditor [ProjectName] Editor" joined alternative multi-casting on [225.0.0.222:34997]...

[Physics::Module] Initialized MultithreadedJobDispatcher with 7 workers.
Refreshing native plugins compatible for Editor in 11.86 ms, found 3 plugins.
Preloading 0 native plugins for Editor in 0.00 ms.
Initialize engine version: 2022.3.16f1 (d2c21f0ef2f1)
[Subsystems] Discovering subsystems at path C:/Program Files/Unity/Hub/Editor/2022.3.16f1/Editor/Data/Resources/UnitySubsystems
[Subsystems] Discovering subsystems at path D:/KULIAH/game dev/Sakha the Savior/ReVive/Assets
GfxDevice: creating device client; threaded=0; jobified=0
Direct3D:
    Version:  Direct3D 11.0 [level 11.1]
    Renderer: NVIDIA GeForce GTX 1650 (ID=0x1f91)
    Vendor:   NVIDIA
    VRAM:     3950 MB
    Driver:   31.0.15.4633
Initialize mono
Mono path[0] = 'C:/Program Files/Unity/Hub/Editor/2022.3.16f1/Editor/Data/Managed'
Mono path[1] = 'C:/Program Files/Unity/Hub/Editor/2022.3.16f1/Editor/Data/MonoBleedingEdge/lib/mono/unityjit-win32'
Mono config path = 'C:/Program Files/Unity/Hub/Editor/2022.3.16f1/Editor/Data/MonoBleedingEdge/etc'
Using monoOptions --debugger-agent=transport=dt_socket,embedding=1,server=y,suspend=n,address=127.0.0.1:56664
Begin MonoManager ReloadAssembly
Registering precompiled unity dll's ...
Register platform support module: C:/Program Files/Unity/Hub/Editor/2022.3.16f1/Editor/Data/PlaybackEngines/WebGLSupport/UnityEditor.WebGL.Extensions.dll
Register platform support module: C:/Program Files/Unity/Hub/Editor/2022.3.16f1/Editor/Data/PlaybackEngines/WindowsStandaloneSupport/UnityEditor.WindowsStandalone.Extensions.dll
Registered in 0.014298 seconds.
- Loaded All Assemblies, in  0.728 seconds
Native extension for WindowsStandalone target not found
Native extension for WebGL target not found
Mono: successfully reloaded assembly
- Finished resetting the current domain, in  0.554 seconds
Domain Reload Profiling: 1280ms
	BeginReloadAssembly (214ms)
		ExecutionOrderSort (0ms)
		DisableScriptedObjects (0ms)
		BackupInstance (0ms)
		ReleaseScriptingObjects (0ms)
		CreateAndSetChildDomain (2ms)
	RebuildCommonClasses (70ms)
	RebuildNativeTypeToScriptingClass (25ms)
	initialDomainReloadingComplete (122ms)
	LoadAllAssembliesAndSetupDomain (295ms)
		LoadAssemblies (211ms)
		RebuildTransferFunctionScriptingTraits (0ms)
		AnalyzeDomain (291ms)
			TypeCache.Refresh (289ms)
				TypeCache.ScanAssembly (264ms)
			ScanForSourceGeneratedMonoScriptInfo (1ms)
			ResolveRequiredComponents (1ms)
	FinalizeReload (555ms)
		ReleaseScriptCaches (0ms)
		RebuildScriptCaches (0ms)
		SetupLoadedEditorAssemblies (437ms)
			LogAssemblyErrors (0ms)
			InitializePlatformSupportModulesInManaged (17ms)
			SetLoadedEditorAssemblies (12ms)
			RefreshPlugins (0ms)
			BeforeProcessingInitializeOnLoad (4ms)
			ProcessInitializeOnLoadAttributes (300ms)
			ProcessInitializeOnLoadMethodAttributes (104ms)
			AfterProcessingInitializeOnLoad (0ms)
			EditorAssembliesLoaded (0ms)
		ExecutionOrderSort2 (0ms)
		AwakeInstancesAfterBackupRestoration (0ms)
========================================================================
Worker process is ready to serve import requests
Begin MonoManager ReloadAssembly
- Loaded All Assemblies, in  4.302 seconds
Refreshing native plugins compatible for Editor in 15.62 ms, found 3 plugins.
Native extension for WindowsStandalone target not found
Native extension for WebGL target not found
Package Manager log level set to [2]
[Package Manager] Server::EnsureServerProcessIsRunning -- launch failed, reason: Unity was launched with the -noUpm command-line argument
[Package Manager] UpmClient::Send -- Unable to send message (not connected to UPM process).
[Package Manager] Cannot connect to Unity Package Manager local server
Mono: successfully reloaded assembly
- Finished resetting the current domain, in  1.677 seconds
Domain Reload Profiling: 5977ms
	BeginReloadAssembly (378ms)
		ExecutionOrderSort (0ms)
		DisableScriptedObjects (14ms)
		BackupInstance (0ms)
		ReleaseScriptingObjects (0ms)
		CreateAndSetChildDomain (46ms)
	RebuildCommonClasses (98ms)
	RebuildNativeTypeToScriptingClass (33ms)
	initialDomainReloadingComplete (99ms)
	LoadAllAssembliesAndSetupDomain (3692ms)
		LoadAssemblies (3333ms)
		RebuildTransferFunctionScriptingTraits (0ms)
		AnalyzeDomain (589ms)
			TypeCache.Refresh (491ms)
				TypeCache.ScanAssembly (448ms)
			ScanForSourceGeneratedMonoScriptInfo (60ms)
			ResolveRequiredComponents (36ms)
	FinalizeReload (1678ms)
		ReleaseScriptCaches (0ms)
		RebuildScriptCaches (0ms)
		SetupLoadedEditorAssemblies (1183ms)
			LogAssemblyErrors (0ms)
			InitializePlatformSupportModulesInManaged (18ms)
			SetLoadedEditorAssemblies (10ms)
			RefreshPlugins (0ms)
			BeforeProcessingInitializeOnLoad (151ms)
			ProcessInitializeOnLoadAttributes (923ms)
			ProcessInitializeOnLoadMethodAttributes (66ms)
			AfterProcessingInitializeOnLoad (15ms)
			EditorAssembliesLoaded (0ms)
		ExecutionOrderSort2 (0ms)
		AwakeInstancesAfterBackupRestoration (27ms)
Launched and connected shader compiler UnityShaderCompiler.exe after 0.14 seconds
Refreshing native plugins compatible for Editor in 6.62 ms, found 3 plugins.
Preloading 0 native plugins for Editor in 0.00 ms.
Unloading 3197 Unused Serialized files (Serialized files now loaded: 0)
Unloading 32 unused Assets / (57.6 KB). Loaded Objects now: 3659.
Memory consumption went from 129.3 MB to 129.2 MB.
Total: 8.315200 ms (FindLiveObjects: 0.523200 ms CreateObjectMapping: 0.600300 ms MarkObjects: 6.991200 ms  DeleteObjects: 0.198800 ms)

AssetImportParameters requested are different than current active one (requested -> active):
  custom:container-demuxer-ogg: 62fdf1f143b41e24485cea50d1cbac27 -> 
  custom:video-codec-MediaFoundation-h265: 746d11721c4dcdbdad8f713fa42b33f4 -> 
  custom:video-decoder-ogg-theora: a1e56fd34408186e4bbccfd4996cb3dc -> 
  custom:framework-win-MediaFoundation: 216162199b28c13a410421893ffa2e32 -> 
  custom:CustomObjectIndexerAttribute: 43b350a4d6e6d1791af0b5038c4bea17 -> 
  custom:container-demuxer-webm: 4f35f7cbe854078d1ac9338744f61a02 -> 
  custom:container-muxer-webm: aa71ff27fc2769a1b78a27578f13a17b -> 
  custom:video-decoder-webm-vp8: 9c59270c3fd7afecdb556c50c9e8de78 -> 
  custom:SearchIndexIgnoredProperties: e643bd26f0fe6173181afceb89e7c659 -> 
  custom:AudioImporter_EditorPlatform: d09bf68614088b80899f8185d706f6e7 -> 
  custom:video-encoder-webm-vp8: eb34c28f22e8b96e1ab97ce403110664 -> 
  custom:audio-decoder-ogg-vorbis: bf7c407c2cedff20999df2af8eb42d56 -> 
  custom:audio-encoder-webm-vorbis: bf7c407c2cedff20999df2af8eb42d56 -> 
========================================================================
Received Prepare
Begin MonoManager ReloadAssembly
- Loaded All Assemblies, in  1.109 seconds
Refreshing native plugins compatible for Editor in 5.38 ms, found 3 plugins.
Native extension for WindowsStandalone target not found
Native extension for WebGL target not found
[Package Manager] Server::EnsureServerProcessIsRunning -- launch failed, reason: Unity was launched with the -noUpm command-line argument
[Package Manager] UpmClient::Send -- Unable to send message (not connected to UPM process).
[Package Manager] Cannot connect to Unity Package Manager local server
Mono: successfully reloaded assembly
- Finished resetting the current domain, in 31.345 seconds
Domain Reload Profiling: 32449ms
	BeginReloadAssembly (406ms)
		ExecutionOrderSort (0ms)
		DisableScriptedObjects (21ms)
		BackupInstance (0ms)
		ReleaseScriptingObjects (0ms)
		CreateAndSetChildDomain (71ms)
	RebuildCommonClasses (113ms)
	RebuildNativeTypeToScriptingClass (32ms)
	initialDomainReloadingComplete (91ms)
	LoadAllAssembliesAndSetupDomain (460ms)
		LoadAssemblies (687ms)
		RebuildTransferFunctionScriptingTraits (0ms)
		AnalyzeDomain (28ms)
			TypeCache.Refresh (14ms)
				TypeCache.ScanAssembly (0ms)
			ScanForSourceGeneratedMonoScriptInfo (0ms)
			ResolveRequiredComponents (12ms)
	FinalizeReload (31346ms)
		ReleaseScriptCaches (0ms)
		RebuildScriptCaches (0ms)
		SetupLoadedEditorAssemblies (972ms)
			LogAssemblyErrors (0ms)
			InitializePlatformSupportModulesInManaged (15ms)
			SetLoadedEditorAssemblies (12ms)
			RefreshPlugins (0ms)
			BeforeProcessingInitializeOnLoad (158ms)
			ProcessInitializeOnLoadAttributes (715ms)
			ProcessInitializeOnLoadMethodAttributes (52ms)
			AfterProcessingInitializeOnLoad (19ms)
			EditorAssembliesLoaded (0ms)
		ExecutionOrderSort2 (0ms)
		AwakeInstancesAfterBackupRestoration (21ms)
Refreshing native plugins compatible for Editor in 8.53 ms, found 3 plugins.
Preloading 0 native plugins for Editor in 0.00 ms.
Unloading 3174 Unused Serialized files (Serialized files now loaded: 0)
Unloading 24 unused Assets / (31.7 KB). Loaded Objects now: 3661.
Memory consumption went from 126.7 MB to 126.7 MB.
Total: 8.491400 ms (FindLiveObjects: 0.409500 ms CreateObjectMapping: 0.586900 ms MarkObjects: 7.406900 ms  DeleteObjects: 0.086100 ms)

Prepare: number of updated asset objects reloaded= 0
AssetImportParameters requested are different than current active one (requested -> active):
  custom:container-demuxer-ogg: 62fdf1f143b41e24485cea50d1cbac27 -> 
  custom:video-codec-MediaFoundation-h265: 746d11721c4dcdbdad8f713fa42b33f4 -> 
  custom:video-decoder-ogg-theora: a1e56fd34408186e4bbccfd4996cb3dc -> 
  custom:framework-win-MediaFoundation: 216162199b28c13a410421893ffa2e32 -> 
  custom:CustomObjectIndexerAttribute: 43b350a4d6e6d1791af0b5038c4bea17 -> 
  custom:container-demuxer-webm: 4f35f7cbe854078d1ac9338744f61a02 -> 
  custom:container-muxer-webm: aa71ff27fc2769a1b78a27578f13a17b -> 
  custom:video-decoder-webm-vp8: 9c59270c3fd7afecdb556c50c9e8de78 -> 
  custom:SearchIndexIgnoredProperties: e643bd26f0fe6173181afceb89e7c659 -> 
  custom:AudioImporter_EditorPlatform: d09bf68614088b80899f8185d706f6e7 -> 
  custom:video-encoder-webm-vp8: eb34c28f22e8b96e1ab97ce403110664 -> 
  custom:audio-decoder-ogg-vorbis: bf7c407c2cedff20999df2af8eb42d56 -> 
  custom:audio-encoder-webm-vorbis: bf7c407c2cedff20999df2af8eb42d56 -> 
========================================================================
Received Import Request.
  Time since last request: 1819968.380822 seconds.
  path: Assets/Scenes
  artifactKey: Guid(a2b0b8a707be159438609f27d952c72a) Importer(815301076,1909f56bfc062723c751e8b465ee728b)
Start importing Assets/Scenes using Guid(a2b0b8a707be159438609f27d952c72a) Importer(815301076,1909f56bfc062723c751e8b465ee728b)  -> (artifact id: '39f6058f31c3472cedce86bb9419a897') in 0.004497 seconds
Number of updated asset objects reloaded before import = 0
Number of asset objects unloaded after import = 0
========================================================================
Received Import Request.
  Time since last request: 0.000043 seconds.
  path: Assets/Scenes/Level 2
  artifactKey: Guid(e8e039a2919f9de4fad491cd34f2a960) Importer(815301076,1909f56bfc062723c751e8b465ee728b)
Start importing Assets/Scenes/Level 2 using Guid(e8e039a2919f9de4fad491cd34f2a960) Importer(815301076,1909f56bfc062723c751e8b465ee728b)  -> (artifact id: '7f99aa32f538a732b739f2ca46f31c63') in 0.000602 seconds
Number of updated asset objects reloaded before import = 0
Number of asset objects unloaded after import = 0
========================================================================
Received Import Request.
  Time since last request: 5.075393 seconds.
  path: Assets/Scenes/Level 1
  artifactKey: Guid(ab4bf496f40751145a6372bd4c7a4418) Importer(815301076,1909f56bfc062723c751e8b465ee728b)
Start importing Assets/Scenes/Level 1 using Guid(ab4bf496f40751145a6372bd4c7a4418) Importer(815301076,1909f56bfc062723c751e8b465ee728b)  -> (artifact id: '2147722e69cb39446a404a7092297feb') in 0.000763 seconds
Number of updated asset objects reloaded before import = 0
Number of asset objects unloaded after import = 0
========================================================================
Received Import Request.
  Time since last request: 0.645652 seconds.
  path: Assets/Scenes/Level 1/LightingData.asset
  artifactKey: Guid(8ad23f01c2300f54e890e555a94acddf) Importer(815301076,1909f56bfc062723c751e8b465ee728b)
Start importing Assets/Scenes/Level 1/LightingData.asset using Guid(8ad23f01c2300f54e890e555a94acddf) Importer(815301076,1909f56bfc062723c751e8b465ee728b)  -> (artifact id: '5f121c5e298c378f3430c4f0e49e3616') in 0.018268 seconds
Number of updated asset objects reloaded before import = 0
Number of asset objects unloaded after import = 1
========================================================================
Received Import Request.
  Time since last request: 0.028462 seconds.
  path: Assets/Scenes/Level 1/Lightmap-0_comp_dir.png
  artifactKey: Guid(30675217ffd59444bb68a2769848a882) Importer(815301076,1909f56bfc062723c751e8b465ee728b)
Start importing Assets/Scenes/Level 1/Lightmap-0_comp_dir.png using Guid(30675217ffd59444bb68a2769848a882) Importer(815301076,1909f56bfc062723c751e8b465ee728b)  -> (artifact id: 'c0db895a36b8d06c91b8d84f366816d3') in 0.149850 seconds
Number of updated asset objects reloaded before import = 0
Number of asset objects unloaded after import = 2
========================================================================
Received Import Request.
  Time since last request: 0.000025 seconds.
  path: Assets/Scenes/Level 1/Lightmap-1_comp_light.exr
  artifactKey: Guid(56400cd42e0950f4fae4e3e14c8c6f85) Importer(815301076,1909f56bfc062723c751e8b465ee728b)
Start importing Assets/Scenes/Level 1/Lightmap-1_comp_light.exr using Guid(56400cd42e0950f4fae4e3e14c8c6f85) Importer(815301076,1909f56bfc062723c751e8b465ee728b)  -> (artifact id: '2a555e377d82e12ac78ad05d3e5a131b') in 0.130270 seconds
Number of updated asset objects reloaded before import = 0
Number of asset objects unloaded after import = 2
========================================================================
Received Import Request.
  Time since last request: 0.000043 seconds.
  path: Assets/Scenes/Level 1/Lightmap-4_comp_light.exr
  artifactKey: Guid(2d3d200d81d76ef419cfc4134b7dac94) Importer(815301076,1909f56bfc062723c751e8b465ee728b)
Start importing Assets/Scenes/Level 1/Lightmap-4_comp_light.exr using Guid(2d3d200d81d76ef419cfc4134b7dac94) Importer(815301076,1909f56bfc062723c751e8b465ee728b)  -> (artifact id: 'b51cf2e1c3ec3db63cd9098999f555dc') in 0.037583 seconds
Number of updated asset objects reloaded before import = 0
Number of asset objects unloaded after import = 2
========================================================================
Received Import Request.
  Time since last request: 0.000044 seconds.
  path: Assets/Scenes/Level 1/Lightmap-5_comp_light.exr
  artifactKey: Guid(1a3344ef627aa3842b22e684bb55f140) Importer(815301076,1909f56bfc062723c751e8b465ee728b)
Start importing Assets/Scenes/Level 1/Lightmap-5_comp_light.exr using Guid(1a3344ef627aa3842b22e684bb55f140) Importer(815301076,1909f56bfc062723c751e8b465ee728b)  -> (artifact id: '1ebe8d66a7e7d79003ad12f344d588b3') in 0.121644 seconds
Number of updated asset objects reloaded before import = 0
Number of asset objects unloaded after import = 2
========================================================================
Received Import Request.
  Time since last request: 0.076953 seconds.
  path: Assets/Scenes/Level 1/ReflectionProbe-0.exr
  artifactKey: Guid(e464502a12775a246a9a7ccb00e16a39) Importer(815301076,1909f56bfc062723c751e8b465ee728b)
Start importing Assets/Scenes/Level 1/ReflectionProbe-0.exr using Guid(e464502a12775a246a9a7ccb00e16a39) Importer(815301076,1909f56bfc062723c751e8b465ee728b)  -> (artifact id: 'f6e4a7798ee364d6eee2d083cf9afb0b') in 0.148917 seconds
Number of updated asset objects reloaded before import = 0
Number of asset objects unloaded after import = 1
========================================================================
Received Import Request.
  Time since last request: 19.131960 seconds.
  path: Assets/Scenes/Level 2.unity
  artifactKey: Guid(9fc0d4010bbf28b4594072e72b8655ab) Importer(815301076,1909f56bfc062723c751e8b465ee728b)
Start importing Assets/Scenes/Level 2.unity using Guid(9fc0d4010bbf28b4594072e72b8655ab) Importer(815301076,1909f56bfc062723c751e8b465ee728b)  -> (artifact id: '8df97e6c31d52fc1383ecbddb3f65798') in 0.000682 seconds
Number of updated asset objects reloaded before import = 0
Number of asset objects unloaded after import = 0
========================================================================
Received Import Request.
  Time since last request: 144.033679 seconds.
  path: Assets/GameObjects
  artifactKey: Guid(3fd290fc9db7f7f4fb368926161ab9a0) Importer(815301076,1909f56bfc062723c751e8b465ee728b)
Start importing Assets/GameObjects using Guid(3fd290fc9db7f7f4fb368926161ab9a0) Importer(815301076,1909f56bfc062723c751e8b465ee728b)  -> (artifact id: '9557c0f2e5088f2c72b42c195f9a29a9') in 0.000949 seconds
Number of updated asset objects reloaded before import = 0
Number of asset objects unloaded after import = 0
========================================================================
Received Import Request.
  Time since last request: 2.102485 seconds.
  path: Assets/GameObjects/botol.fbx
  artifactKey: Guid(c6853a6cd893e164ea3f746b81513070) Importer(815301076,1909f56bfc062723c751e8b465ee728b)
Start importing Assets/GameObjects/botol.fbx using Guid(c6853a6cd893e164ea3f746b81513070) Importer(815301076,1909f56bfc062723c751e8b465ee728b)  -> (artifact id: '20743f5cab714dd0387fcecb2456eb24') in 0.257245 seconds
Number of updated asset objects reloaded before import = 0
Number of asset objects unloaded after import = 9
========================================================================
Received Import Request.
  Time since last request: 0.000121 seconds.
  path: Assets/GameObjects/stage_2 (1)_fix.fbx
  artifactKey: Guid(9b66678eb127983408c5e01ce084a6d8) Importer(815301076,1909f56bfc062723c751e8b465ee728b)
Start importing Assets/GameObjects/stage_2 (1)_fix.fbx using Guid(9b66678eb127983408c5e01ce084a6d8) Importer(815301076,1909f56bfc062723c751e8b465ee728b)  -> (artifact id: 'e5e828cbf877bffd899964964ae95abe') in 13.229368 seconds
Number of updated asset objects reloaded before import = 0
Number of asset objects unloaded after import = 4163
========================================================================
Received Import Request.
  Time since last request: 0.000048 seconds.
  path: Assets/GameObjects/Pohon.prefab
  artifactKey: Guid(580da4f46b6b20f49b18fefc1996cfec) Importer(815301076,1909f56bfc062723c751e8b465ee728b)
Start importing Assets/GameObjects/Pohon.prefab using Guid(580da4f46b6b20f49b18fefc1996cfec) Importer(815301076,1909f56bfc062723c751e8b465ee728b)  -> (artifact id: '95a003959cbd255428bb8c8313db4c61') in 0.203726 seconds
Number of updated asset objects reloaded before import = 0
Number of asset objects unloaded after import = 1803
========================================================================
Received Import Request.
  Time since last request: 0.000712 seconds.
  path: Assets/GameObjects/Level 3/daun_tipe1.fbx
  artifactKey: Guid(94ababeb676feb849a288bebb915958c) Importer(815301076,1909f56bfc062723c751e8b465ee728b)
Start importing Assets/GameObjects/Level 3/daun_tipe1.fbx using Guid(94ababeb676feb849a288bebb915958c) Importer(815301076,1909f56bfc062723c751e8b465ee728b)  -> (artifact id: '67aa9e096d6a913fbf8f2d12ea6cd30b') in 0.832688 seconds
Number of updated asset objects reloaded before import = 0
Number of asset objects unloaded after import = 74
========================================================================
Received Import Request.
  Time since last request: 0.000044 seconds.
  path: Assets/GameObjects/Level 2/Plastik_Fix 1.prefab
  artifactKey: Guid(23d4157910f9b4c4ba8e9bdfa0fc0ca0) Importer(815301076,1909f56bfc062723c751e8b465ee728b)
Start importing Assets/GameObjects/Level 2/Plastik_Fix 1.prefab using Guid(23d4157910f9b4c4ba8e9bdfa0fc0ca0) Importer(815301076,1909f56bfc062723c751e8b465ee728b)  -> (artifact id: 'dede21bb4f6968cf160cbb26ad8f6df8') in 0.083806 seconds
Number of updated asset objects reloaded before import = 0
Number of asset objects unloaded after import = 21
========================================================================
Received Import Request.
  Time since last request: 0.000021 seconds.
  path: Assets/GameObjects/Level 3
  artifactKey: Guid(daa28b506443a5743a2111a859b79028) Importer(815301076,1909f56bfc062723c751e8b465ee728b)
Start importing Assets/GameObjects/Level 3 using Guid(daa28b506443a5743a2111a859b79028) Importer(815301076,1909f56bfc062723c751e8b465ee728b)  -> (artifact id: '68642121d03a52742530badda110916e') in 0.000732 seconds
Number of updated asset objects reloaded before import = 0
Number of asset objects unloaded after import = 0
========================================================================
Received Import Request.
  Time since last request: 0.000025 seconds.
  path: Assets/GameObjects/Level 3/plastik_tipe1.prefab
  artifactKey: Guid(e15e10cb57a604d489618e4eb2e3169c) Importer(815301076,1909f56bfc062723c751e8b465ee728b)
Start importing Assets/GameObjects/Level 3/plastik_tipe1.prefab using Guid(e15e10cb57a604d489618e4eb2e3169c) Importer(815301076,1909f56bfc062723c751e8b465ee728b)  -> (artifact id: '2567001db669af8069b81fa3c7e61366') in 0.067779 seconds
Number of updated asset objects reloaded before import = 0
Number of asset objects unloaded after import = 260
========================================================================
Received Import Request.
  Time since last request: 0.000031 seconds.
  path: Assets/GameObjects/stand lv 3.fbx
  artifactKey: Guid(90c5f9d1f50f2d844a1c0bd3d4bd9280) Importer(815301076,1909f56bfc062723c751e8b465ee728b)
Start importing Assets/GameObjects/stand lv 3.fbx using Guid(90c5f9d1f50f2d844a1c0bd3d4bd9280) Importer(815301076,1909f56bfc062723c751e8b465ee728b)  -> (artifact id: '03dbaef61c232113c32c1bcce8d5d7a4') in 3.168802 seconds
Number of updated asset objects reloaded before import = 0
Number of asset objects unloaded after import = 579
========================================================================
Received Import Request.
  Time since last request: 0.000031 seconds.
  path: Assets/GameObjects/MainCharHouse.fbx
  artifactKey: Guid(5b1f9e1ccdbea6a4e9db720e64e202eb) Importer(815301076,1909f56bfc062723c751e8b465ee728b)
Start importing Assets/GameObjects/MainCharHouse.fbx using Guid(5b1f9e1ccdbea6a4e9db720e64e202eb) Importer(815301076,1909f56bfc062723c751e8b465ee728b)  -> (artifact id: '3167f05718a2072ee4ccb75cc3d040be') in 7.799907 seconds
Number of updated asset objects reloaded before import = 0
Number of asset objects unloaded after import = 1798
========================================================================
Received Import Request.
  Time since last request: 206.199519 seconds.
  path: Assets/GameObjects/Level 2/oli aja.fbx
  artifactKey: Guid(ef51cf36f649b6e4895d4b09e44d1936) Importer(815301076,1909f56bfc062723c751e8b465ee728b)
Start importing Assets/GameObjects/Level 2/oli aja.fbx using Guid(ef51cf36f649b6e4895d4b09e44d1936) Importer(815301076,1909f56bfc062723c751e8b465ee728b)  -> (artifact id: 'cffe778854e2072823216b45d731da20') in 0.042909 seconds
Number of updated asset objects reloaded before import = 0
Number of asset objects unloaded after import = 8
========================================================================
Received Import Request.
  Time since last request: 384.928474 seconds.
  path: Assets/GameObjects/Level 2/stage 2.blend
  artifactKey: Guid(98f7db8237d575340bab0e6ba32559b0) Importer(815301076,1909f56bfc062723c751e8b465ee728b)
Start importing Assets/GameObjects/Level 2/stage 2.blend using Guid(98f7db8237d575340bab0e6ba32559b0) Importer(815301076,1909f56bfc062723c751e8b465ee728b)  -> (artifact id: '420b73ef3be59b5976b45de737a2ca58') in 2.190743 seconds
Number of updated asset objects reloaded before import = 0
Number of asset objects unloaded after import = 896
